{"/Users/codemonkey/projects/tap/frontend/src/lib/components/FragmentContainer.svelte": {"path":"/Users/codemonkey/projects/tap/frontend/src/lib/components/FragmentContainer.svelte","statementMap":{"0":{"start":{"line":63,"column":11},"end":{"line":63,"column":null}},"1":{"start":{"line":64,"column":10},"end":{"line":64,"column":null}},"2":{"start":{"line":65,"column":7},"end":{"line":65,"column":null}},"3":{"start":{"line":66,"column":9},"end":{"line":66,"column":null}},"4":{"start":{"line":77,"column":13},"end":{"line":77,"column":null}},"5":{"start":{"line":77,"column":35},"end":{"line":77,"column":null}},"6":{"start":{"line":78,"column":9},"end":{"line":78,"column":null}},"7":{"start":{"line":84,"column":23},"end":{"line":87,"column":null}},"8":{"start":{"line":85,"column":12},"end":{"line":87,"column":null}},"9":{"start":{"line":85,"column":25},"end":{"line":87,"column":null}},"10":{"start":{"line":94,"column":22},"end":{"line":94,"column":null}},"11":{"start":{"line":94,"column":34},"end":{"line":94,"column":null}},"12":{"start":{"line":112,"column":20},"end":{"line":112,"column":45}},"13":{"start":{"line":114,"column":6},"end":{"line":116,"column":null}},"14":{"start":{"line":115,"column":12},"end":{"line":115,"column":null}},"15":{"start":{"line":118,"column":10},"end":{"line":158,"column":null}},"16":{"start":{"line":124,"column":12},"end":{"line":126,"column":null}},"17":{"start":{"line":135,"column":12},"end":{"line":137,"column":null}},"18":{"start":{"line":146,"column":12},"end":{"line":148,"column":null}},"19":{"start":{"line":158,"column":12},"end":{"line":158,"column":null}},"20":{"start":{"line":175,"column":6},"end":{"line":177,"column":null}},"21":{"start":{"line":176,"column":12},"end":{"line":176,"column":null}},"22":{"start":{"line":180,"column":23},"end":{"line":180,"column":null}},"23":{"start":{"line":186,"column":10},"end":{"line":186,"column":null}},"24":{"start":{"line":191,"column":4},"end":{"line":191,"column":48}},"25":{"start":{"line":192,"column":8},"end":{"line":192,"column":null}},"26":{"start":{"line":192,"column":8},"end":{"line":192,"column":30}},"27":{"start":{"line":192,"column":40},"end":{"line":192,"column":54}},"28":{"start":{"line":191,"column":1},"end":{"line":193,"column":null}},"29":{"start":{"line":191,"column":4},"end":{"line":192,"column":30}},"30":{"start":{"line":194,"column":4},"end":{"line":194,"column":null}},"31":{"start":{"line":201,"column":11},"end":{"line":201,"column":null}},"32":{"start":{"line":201,"column":11},"end":{"line":201,"column":27}},"33":{"start":{"line":194,"column":4},"end":{"line":196,"column":null}},"34":{"start":{"line":194,"column":4},"end":{"line":197,"column":null}},"35":{"start":{"line":194,"column":4},"end":{"line":198,"column":null}},"36":{"start":{"line":194,"column":4},"end":{"line":199,"column":null}},"37":{"start":{"line":193,"column":7},"end":{"line":193,"column":null}},"38":{"start":{"line":193,"column":23},"end":{"line":193,"column":null}},"39":{"start":{"line":191,"column":1},"end":{"line":191,"column":48}},"40":{"start":{"line":191,"column":1},"end":{"line":191,"column":null}}},"fnMap":{"0":{"name":"FragmentContainer","decl":{"start":{"line":1,"column":0},"end":{"line":1,"column":null}},"loc":{"start":{"line":1,"column":0},"end":{"line":189,"column":null}},"line":1},"1":{"name":"prefersReducedMotion","decl":{"start":{"line":76,"column":10},"end":{"line":76,"column":30}},"loc":{"start":{"line":76,"column":42},"end":{"line":79,"column":null}},"line":76},"2":{"name":"(anonymous_2)","decl":{"start":{"line":85,"column":12},"end":{"line":85,"column":15}},"loc":{"start":{"line":85,"column":12},"end":{"line":87,"column":null}},"line":85},"3":{"name":"(anonymous_3)","decl":{"start":{"line":85,"column":15},"end":{"line":85,"column":17}},"loc":{"start":{"line":85,"column":25},"end":{"line":87,"column":null}},"line":85},"4":{"name":"(anonymous_4)","decl":{"start":{"line":94,"column":22},"end":{"line":94,"column":34}},"loc":{"start":{"line":94,"column":34},"end":{"line":94,"column":null}},"line":94},"5":{"name":"getTransitionIn","decl":{"start":{"line":103,"column":10},"end":{"line":103,"column":25}},"loc":{"start":{"line":111,"column":3},"end":{"line":161,"column":null}},"line":111},"6":{"name":"(anonymous_6)","decl":{"start":{"line":124,"column":8},"end":{"line":124,"column":11}},"loc":{"start":{"line":124,"column":12},"end":{"line":126,"column":null}},"line":124},"7":{"name":"(anonymous_7)","decl":{"start":{"line":135,"column":8},"end":{"line":135,"column":11}},"loc":{"start":{"line":135,"column":12},"end":{"line":137,"column":null}},"line":135},"8":{"name":"(anonymous_8)","decl":{"start":{"line":146,"column":8},"end":{"line":146,"column":11}},"loc":{"start":{"line":146,"column":12},"end":{"line":148,"column":null}},"line":146},"9":{"name":"(anonymous_9)","decl":{"start":{"line":158,"column":8},"end":{"line":158,"column":11}},"loc":{"start":{"line":158,"column":12},"end":{"line":158,"column":null}},"line":158},"10":{"name":"getTransitionOut","decl":{"start":{"line":166,"column":10},"end":{"line":166,"column":26}},"loc":{"start":{"line":174,"column":3},"end":{"line":188,"column":null}},"line":174},"11":{"name":"(anonymous_11)","decl":{"start":{"line":186,"column":6},"end":{"line":186,"column":9}},"loc":{"start":{"line":186,"column":10},"end":{"line":186,"column":null}},"line":186},"12":{"name":"(anonymous_12)","decl":{"start":{"line":192,"column":8},"end":{"line":192,"column":26}},"loc":{"start":{"line":192,"column":8},"end":{"line":192,"column":30}},"line":192},"13":{"name":"(anonymous_13)","decl":{"start":{"line":192,"column":26},"end":{"line":192,"column":30}},"loc":{"start":{"line":192,"column":40},"end":{"line":192,"column":54}},"line":192},"14":{"name":"(anonymous_14)","decl":{"start":{"line":191,"column":1},"end":{"line":191,"column":4}},"loc":{"start":{"line":191,"column":1},"end":{"line":193,"column":null}},"line":191},"15":{"name":"(anonymous_15)","decl":{"start":{"line":191,"column":4},"end":{"line":191,"column":48}},"loc":{"start":{"line":191,"column":4},"end":{"line":192,"column":30}},"line":191},"16":{"name":"(anonymous_16)","decl":{"start":{"line":192,"column":54},"end":{"line":192,"column":null}},"loc":{"start":{"line":192,"column":38},"end":{"line":193,"column":null}},"line":192},"17":{"name":"(anonymous_17)","decl":{"start":{"line":201,"column":11},"end":{"line":201,"column":19}},"loc":{"start":{"line":201,"column":11},"end":{"line":201,"column":27}},"line":201},"18":{"name":"(anonymous_18)","decl":{"start":{"line":194,"column":4},"end":{"line":194,"column":null}},"loc":{"start":{"line":194,"column":4},"end":{"line":194,"column":null}},"line":194}},"branchMap":{"0":{"loc":{"start":{"line":77,"column":13},"end":{"line":77,"column":null}},"type":"if","locations":[{"start":{"line":77,"column":13},"end":{"line":77,"column":null}},{"start":{},"end":{}}],"line":77},"1":{"loc":{"start":{"line":87,"column":12},"end":{"line":87,"column":null}},"type":"binary-expr","locations":[{"start":{"line":87,"column":12},"end":{"line":87,"column":23}},{"start":{"line":87,"column":23},"end":{"line":87,"column":null}}],"line":87},"2":{"loc":{"start":{"line":94,"column":34},"end":{"line":94,"column":null}},"type":"cond-expr","locations":[{"start":{"line":94,"column":59},"end":{"line":94,"column":60}},{"start":{"line":94,"column":63},"end":{"line":94,"column":null}}],"line":94},"3":{"loc":{"start":{"line":114,"column":6},"end":{"line":116,"column":null}},"type":"if","locations":[{"start":{"line":114,"column":6},"end":{"line":116,"column":null}},{"start":{},"end":{}}],"line":114},"4":{"loc":{"start":{"line":114,"column":6},"end":{"line":114,"column":54}},"type":"binary-expr","locations":[{"start":{"line":114,"column":6},"end":{"line":114,"column":32}},{"start":{"line":114,"column":26},"end":{"line":114,"column":54}}],"line":114},"5":{"loc":{"start":{"line":118,"column":10},"end":{"line":158,"column":null}},"type":"switch","locations":[{"start":{"line":119,"column":8},"end":{"line":126,"column":null}},{"start":{"line":130,"column":8},"end":{"line":137,"column":null}},{"start":{"line":141,"column":8},"end":{"line":148,"column":null}},{"start":{"line":152,"column":8},"end":{"line":152,"column":null}}],"line":118},"6":{"loc":{"start":{"line":175,"column":6},"end":{"line":177,"column":null}},"type":"if","locations":[{"start":{"line":175,"column":6},"end":{"line":177,"column":null}},{"start":{},"end":{}}],"line":175},"7":{"loc":{"start":{"line":175,"column":6},"end":{"line":175,"column":54}},"type":"binary-expr","locations":[{"start":{"line":175,"column":6},"end":{"line":175,"column":32}},{"start":{"line":175,"column":26},"end":{"line":175,"column":54}}],"line":175},"8":{"loc":{"start":{"line":193,"column":7},"end":{"line":193,"column":null}},"type":"if","locations":[{"start":{"line":193,"column":7},"end":{"line":193,"column":null}},{"start":{},"end":{}}],"line":193}},"s":{"0":29,"1":29,"2":29,"3":29,"4":0,"5":0,"6":0,"7":29,"8":29,"9":55,"10":29,"11":0,"12":0,"13":0,"14":0,"15":0,"16":0,"17":0,"18":0,"19":0,"20":0,"21":0,"22":0,"23":0,"24":29,"25":29,"26":29,"27":55,"28":29,"29":29,"30":48,"31":48,"32":48,"33":48,"34":48,"35":0,"36":0,"37":55,"38":48,"39":29,"40":29},"f":{"0":29,"1":0,"2":29,"3":55,"4":0,"5":0,"6":0,"7":0,"8":0,"9":0,"10":0,"11":0,"12":29,"13":110,"14":58,"15":29,"16":55,"17":48,"18":0},"b":{"0":[0,0],"1":[55,44],"2":[0,0],"3":[0,0],"4":[0,0],"5":[0,0,0,0,null],"6":[0,0],"7":[0,0],"8":[48,7]},"meta":{"lastBranch":0,"lastFunction":0,"lastStatement":0,"seen":{}}}
,"/Users/codemonkey/projects/tap/frontend/src/lib/components/SlideContainer.svelte": {"path":"/Users/codemonkey/projects/tap/frontend/src/lib/components/SlideContainer.svelte","statementMap":{"0":{"start":{"line":20,"column":13},"end":{"line":20,"column":null}},"1":{"start":{"line":21,"column":7},"end":{"line":21,"column":null}},"2":{"start":{"line":22,"column":12},"end":{"line":22,"column":null}},"3":{"start":{"line":30,"column":45},"end":{"line":30,"column":null}},"4":{"start":{"line":31,"column":41},"end":{"line":31,"column":null}},"5":{"start":{"line":32,"column":10},"end":{"line":32,"column":null}},"6":{"start":{"line":42,"column":26},"end":{"line":42,"column":null}},"7":{"start":{"line":43,"column":7},"end":{"line":46,"column":null}},"8":{"start":{"line":45,"column":10},"end":{"line":45,"column":null}},"9":{"start":{"line":47,"column":9},"end":{"line":47,"column":null}},"10":{"start":{"line":54,"column":26},"end":{"line":54,"column":null}},"11":{"start":{"line":55,"column":7},"end":{"line":57,"column":null}},"12":{"start":{"line":56,"column":10},"end":{"line":56,"column":null}},"13":{"start":{"line":58,"column":12},"end":{"line":58,"column":null}},"14":{"start":{"line":61,"column":17},"end":{"line":61,"column":null}},"15":{"start":{"line":61,"column":29},"end":{"line":61,"column":null}},"16":{"start":{"line":62,"column":19},"end":{"line":62,"column":null}},"17":{"start":{"line":62,"column":31},"end":{"line":62,"column":null}},"18":{"start":{"line":72,"column":7},"end":{"line":72,"column":null}},"19":{"start":{"line":72,"column":32},"end":{"line":72,"column":null}},"20":{"start":{"line":74,"column":21},"end":{"line":74,"column":null}},"21":{"start":{"line":75,"column":25},"end":{"line":75,"column":44}},"22":{"start":{"line":76,"column":26},"end":{"line":76,"column":46}},"23":{"start":{"line":78,"column":6},"end":{"line":78,"column":null}},"24":{"start":{"line":78,"column":51},"end":{"line":78,"column":null}},"25":{"start":{"line":82,"column":20},"end":{"line":82,"column":24}},"26":{"start":{"line":83,"column":21},"end":{"line":83,"column":null}},"27":{"start":{"line":86,"column":17},"end":{"line":86,"column":43}},"28":{"start":{"line":87,"column":17},"end":{"line":87,"column":45}},"29":{"start":{"line":90,"column":2},"end":{"line":90,"column":null}},"30":{"start":{"line":99,"column":1},"end":{"line":113,"column":null}},"31":{"start":{"line":101,"column":2},"end":{"line":101,"column":null}},"32":{"start":{"line":104,"column":6},"end":{"line":109,"column":null}},"33":{"start":{"line":105,"column":3},"end":{"line":107,"column":null}},"34":{"start":{"line":106,"column":4},"end":{"line":106,"column":null}},"35":{"start":{"line":108,"column":3},"end":{"line":108,"column":null}},"36":{"start":{"line":112,"column":2},"end":{"line":112,"column":null}},"37":{"start":{"line":115,"column":1},"end":{"line":122,"column":null}},"38":{"start":{"line":116,"column":6},"end":{"line":118,"column":null}},"39":{"start":{"line":117,"column":3},"end":{"line":117,"column":null}},"40":{"start":{"line":119,"column":13},"end":{"line":121,"column":null}},"41":{"start":{"line":120,"column":3},"end":{"line":120,"column":null}},"42":{"start":{"line":125,"column":1},"end":{"line":130,"column":null}},"43":{"start":{"line":127,"column":9},"end":{"line":127,"column":null}},"44":{"start":{"line":128,"column":7},"end":{"line":128,"column":null}},"45":{"start":{"line":129,"column":2},"end":{"line":129,"column":null}},"46":{"start":{"line":133,"column":1},"end":{"line":142,"column":null}},"47":{"start":{"line":135,"column":23},"end":{"line":135,"column":null}},"48":{"start":{"line":136,"column":6},"end":{"line":141,"column":null}},"49":{"start":{"line":138,"column":3},"end":{"line":138,"column":null}},"50":{"start":{"line":140,"column":3},"end":{"line":140,"column":null}},"51":{"start":{"line":145,"column":1},"end":{"line":145,"column":null}},"52":{"start":{"line":150,"column":2},"end":{"line":145,"column":null}},"53":{"start":{"line":150,"column":2},"end":{"line":150,"column":null}},"54":{"start":{"line":150,"column":2},"end":{"line":152,"column":null}},"55":{"start":{"line":152,"column":21},"end":{"line":152,"column":null}},"56":{"start":{"line":145,"column":1},"end":{"line":148,"column":null}},"57":{"start":{"line":148,"column":24},"end":{"line":148,"column":null}},"58":{"start":{"line":145,"column":1},"end":{"line":146,"column":null}},"59":{"start":{"line":150,"column":2},"end":{"line":154,"column":null}}},"fnMap":{"0":{"name":"SlideContainer","decl":{"start":{"line":1,"column":0},"end":{"line":1,"column":null}},"loc":{"start":{"line":1,"column":0},"end":{"line":143,"column":null}},"line":1},"1":{"name":"parseAspectRatio","decl":{"start":{"line":41,"column":10},"end":{"line":41,"column":26}},"loc":{"start":{"line":41,"column":50},"end":{"line":48,"column":null}},"line":41},"2":{"name":"getCSSAspectRatio","decl":{"start":{"line":53,"column":10},"end":{"line":53,"column":27}},"loc":{"start":{"line":53,"column":51},"end":{"line":59,"column":null}},"line":53},"3":{"name":"(anonymous_3)","decl":{"start":{"line":61,"column":17},"end":{"line":61,"column":29}},"loc":{"start":{"line":61,"column":29},"end":{"line":61,"column":null}},"line":61},"4":{"name":"(anonymous_4)","decl":{"start":{"line":62,"column":19},"end":{"line":62,"column":31}},"loc":{"start":{"line":62,"column":31},"end":{"line":62,"column":null}},"line":62},"5":{"name":"calculateScale","decl":{"start":{"line":71,"column":10},"end":{"line":71,"column":24}},"loc":{"start":{"line":71,"column":33},"end":{"line":91,"column":null}},"line":71},"6":{"name":"(anonymous_6)","decl":{"start":{"line":99,"column":8},"end":{"line":99,"column":15}},"loc":{"start":{"line":99,"column":15},"end":{"line":113,"column":2}},"line":99},"7":{"name":"(anonymous_7)","decl":{"start":{"line":105,"column":38},"end":{"line":105,"column":45}},"loc":{"start":{"line":105,"column":45},"end":{"line":107,"column":4}},"line":105},"8":{"name":"(anonymous_8)","decl":{"start":{"line":115,"column":10},"end":{"line":115,"column":17}},"loc":{"start":{"line":115,"column":17},"end":{"line":122,"column":2}},"line":115},"9":{"name":"(anonymous_9)","decl":{"start":{"line":125,"column":8},"end":{"line":125,"column":15}},"loc":{"start":{"line":125,"column":15},"end":{"line":130,"column":2}},"line":125},"10":{"name":"(anonymous_10)","decl":{"start":{"line":133,"column":8},"end":{"line":133,"column":15}},"loc":{"start":{"line":133,"column":15},"end":{"line":142,"column":2}},"line":133},"11":{"name":"(anonymous_11)","decl":{"start":{"line":150,"column":2},"end":{"line":150,"column":null}},"loc":{"start":{"line":150,"column":2},"end":{"line":152,"column":null}},"line":150},"12":{"name":"(anonymous_12)","decl":{"start":{"line":152,"column":21},"end":{"line":152,"column":null}},"loc":{"start":{"line":152,"column":21},"end":{"line":152,"column":null}},"line":152},"13":{"name":"(anonymous_13)","decl":{"start":{"line":145,"column":1},"end":{"line":145,"column":null}},"loc":{"start":{"line":145,"column":1},"end":{"line":148,"column":null}},"line":145},"14":{"name":"(anonymous_14)","decl":{"start":{"line":148,"column":24},"end":{"line":148,"column":null}},"loc":{"start":{"line":148,"column":24},"end":{"line":148,"column":null}},"line":148}},"branchMap":{"0":{"loc":{"start":{"line":43,"column":7},"end":{"line":46,"column":null}},"type":"if","locations":[{"start":{"line":43,"column":7},"end":{"line":46,"column":null}},{"start":{},"end":{}}],"line":43},"1":{"loc":{"start":{"line":43,"column":7},"end":{"line":43,"column":58}},"type":"binary-expr","locations":[{"start":{"line":43,"column":7},"end":{"line":43,"column":12}},{"start":{"line":43,"column":12},"end":{"line":43,"column":23}},{"start":{"line":43,"column":27},"end":{"line":43,"column":43}},{"start":{"line":43,"column":43},"end":{"line":43,"column":58}}],"line":43},"2":{"loc":{"start":{"line":55,"column":7},"end":{"line":57,"column":null}},"type":"if","locations":[{"start":{"line":55,"column":7},"end":{"line":57,"column":null}},{"start":{},"end":{}}],"line":55},"3":{"loc":{"start":{"line":55,"column":7},"end":{"line":55,"column":58}},"type":"binary-expr","locations":[{"start":{"line":55,"column":7},"end":{"line":55,"column":12}},{"start":{"line":55,"column":12},"end":{"line":55,"column":23}},{"start":{"line":55,"column":27},"end":{"line":55,"column":43}},{"start":{"line":55,"column":43},"end":{"line":55,"column":58}}],"line":55},"4":{"loc":{"start":{"line":72,"column":7},"end":{"line":72,"column":null}},"type":"if","locations":[{"start":{"line":72,"column":7},"end":{"line":72,"column":null}},{"start":{},"end":{}}],"line":72},"5":{"loc":{"start":{"line":72,"column":7},"end":{"line":72,"column":null}},"type":"binary-expr","locations":[{"start":{"line":72,"column":7},"end":{"line":72,"column":24}},{"start":{"line":72,"column":19},"end":{"line":72,"column":null}}],"line":72},"6":{"loc":{"start":{"line":78,"column":6},"end":{"line":78,"column":null}},"type":"if","locations":[{"start":{"line":78,"column":6},"end":{"line":78,"column":null}},{"start":{},"end":{}}],"line":78},"7":{"loc":{"start":{"line":78,"column":6},"end":{"line":78,"column":null}},"type":"binary-expr","locations":[{"start":{"line":78,"column":6},"end":{"line":78,"column":30}},{"start":{"line":78,"column":26},"end":{"line":78,"column":null}}],"line":78},"8":{"loc":{"start":{"line":104,"column":6},"end":{"line":109,"column":null}},"type":"if","locations":[{"start":{"line":104,"column":6},"end":{"line":109,"column":null}},{"start":{},"end":{}}],"line":104},"9":{"loc":{"start":{"line":116,"column":6},"end":{"line":118,"column":null}},"type":"if","locations":[{"start":{"line":116,"column":6},"end":{"line":118,"column":null}},{"start":{},"end":{}}],"line":116},"10":{"loc":{"start":{"line":119,"column":13},"end":{"line":121,"column":null}},"type":"if","locations":[{"start":{"line":119,"column":13},"end":{"line":121,"column":null}},{"start":{},"end":{}}],"line":119},"11":{"loc":{"start":{"line":136,"column":6},"end":{"line":141,"column":null}},"type":"if","locations":[{"start":{"line":136,"column":6},"end":{"line":141,"column":null}},{"start":{"line":139,"column":9},"end":{"line":141,"column":null}}],"line":136},"12":{"loc":{"start":{"line":146,"column":31},"end":{"line":146,"column":null}},"type":"binary-expr","locations":[{"start":{"line":146,"column":31},"end":{"line":146,"column":null}},{"start":{"line":146,"column":36},"end":{"line":146,"column":null}}],"line":146},"13":{"loc":{"start":{"line":154,"column":26},"end":{"line":154,"column":null}},"type":"binary-expr","locations":[{"start":{"line":154,"column":26},"end":{"line":154,"column":null}},{"start":{"line":154,"column":31},"end":{"line":154,"column":null}}],"line":154}},"s":{"0":30,"1":30,"2":30,"3":30,"4":30,"5":30,"6":30,"7":30,"8":3,"9":27,"10":30,"11":30,"12":3,"13":27,"14":30,"15":30,"16":30,"17":30,"18":88,"19":0,"20":88,"21":88,"22":88,"23":88,"24":0,"25":88,"26":88,"27":88,"28":88,"29":88,"30":30,"31":30,"32":30,"33":30,"34":0,"35":30,"36":30,"37":30,"38":30,"39":30,"40":30,"41":30,"42":30,"43":30,"44":30,"45":30,"46":30,"47":30,"48":30,"49":2,"50":28,"51":30,"52":30,"53":30,"54":60,"55":60,"56":60,"57":60,"58":46,"59":46},"f":{"0":30,"1":30,"2":30,"3":30,"4":30,"5":88,"6":30,"7":0,"8":30,"9":30,"10":30,"11":60,"12":60,"13":60,"14":60},"b":{"0":[3,27],"1":[30,28,27,27],"2":[3,27],"3":[30,28,27,27],"4":[0,88],"5":[88,88],"6":[0,88],"7":[88,88],"8":[30,0],"9":[30,0],"10":[30,0],"11":[2,28],"12":[46,0],"13":[46,0]},"meta":{"lastBranch":0,"lastFunction":0,"lastStatement":0,"seen":{}}}
,"/Users/codemonkey/projects/tap/frontend/src/lib/components/SlideRenderer.svelte": {"path":"/Users/codemonkey/projects/tap/frontend/src/lib/components/SlideRenderer.svelte","statementMap":{"0":{"start":{"line":24,"column":18},"end":{"line":24,"column":null}},"1":{"start":{"line":24,"column":18},"end":{"line":24,"column":23}},"2":{"start":{"line":25,"column":8},"end":{"line":25,"column":null}},"3":{"start":{"line":26,"column":11},"end":{"line":26,"column":null}},"4":{"start":{"line":27,"column":20},"end":{"line":27,"column":null}},"5":{"start":{"line":37,"column":16},"end":{"line":37,"column":null}},"6":{"start":{"line":43,"column":20},"end":{"line":43,"column":null}},"7":{"start":{"line":43,"column":20},"end":{"line":43,"column":70}},"8":{"start":{"line":48,"column":17},"end":{"line":49,"column":null}},"9":{"start":{"line":55,"column":28},"end":{"line":61,"column":null}},"10":{"start":{"line":56,"column":13},"end":{"line":56,"column":null}},"11":{"start":{"line":56,"column":22},"end":{"line":56,"column":null}},"12":{"start":{"line":57,"column":15},"end":{"line":59,"column":null}},"13":{"start":{"line":57,"column":38},"end":{"line":59,"column":null}},"14":{"start":{"line":71,"column":7},"end":{"line":71,"column":null}},"15":{"start":{"line":71,"column":9},"end":{"line":71,"column":null}},"16":{"start":{"line":73,"column":10},"end":{"line":80,"column":null}},"17":{"start":{"line":75,"column":37},"end":{"line":75,"column":null}},"18":{"start":{"line":77,"column":26},"end":{"line":77,"column":null}},"19":{"start":{"line":80,"column":32},"end":{"line":80,"column":null}},"20":{"start":{"line":84,"column":21},"end":{"line":84,"column":null}},"21":{"start":{"line":84,"column":33},"end":{"line":84,"column":null}},"22":{"start":{"line":94,"column":13},"end":{"line":94,"column":null}},"23":{"start":{"line":94,"column":35},"end":{"line":94,"column":null}},"24":{"start":{"line":95,"column":9},"end":{"line":95,"column":null}},"25":{"start":{"line":102,"column":6},"end":{"line":104,"column":null}},"26":{"start":{"line":103,"column":10},"end":{"line":103,"column":null}},"27":{"start":{"line":106,"column":19},"end":{"line":106,"column":null}},"28":{"start":{"line":108,"column":10},"end":{"line":123,"column":null}},"29":{"start":{"line":110,"column":11},"end":{"line":110,"column":null}},"30":{"start":{"line":112,"column":11},"end":{"line":112,"column":50}},"31":{"start":{"line":113,"column":11},"end":{"line":113,"column":null}},"32":{"start":{"line":116,"column":11},"end":{"line":116,"column":48}},"33":{"start":{"line":117,"column":11},"end":{"line":117,"column":null}},"34":{"start":{"line":120,"column":11},"end":{"line":120,"column":null}},"35":{"start":{"line":123,"column":11},"end":{"line":123,"column":null}},"36":{"start":{"line":139,"column":6},"end":{"line":141,"column":null}},"37":{"start":{"line":140,"column":10},"end":{"line":140,"column":null}},"38":{"start":{"line":144,"column":15},"end":{"line":144,"column":17}},"39":{"start":{"line":145,"column":13},"end":{"line":148,"column":null}},"40":{"start":{"line":146,"column":27},"end":{"line":146,"column":84}},"41":{"start":{"line":147,"column":3},"end":{"line":147,"column":null}},"42":{"start":{"line":150,"column":9},"end":{"line":150,"column":null}},"43":{"start":{"line":156,"column":18},"end":{"line":161,"column":null}},"44":{"start":{"line":157,"column":6},"end":{"line":159,"column":null}},"45":{"start":{"line":158,"column":10},"end":{"line":158,"column":null}},"46":{"start":{"line":160,"column":15},"end":{"line":160,"column":null}},"47":{"start":{"line":165,"column":2},"end":{"line":165,"column":null}},"48":{"start":{"line":172,"column":6},"end":{"line":165,"column":null}},"49":{"start":{"line":172,"column":3},"end":{"line":172,"column":null}},"50":{"start":{"line":173,"column":10},"end":{"line":173,"column":null}},"51":{"start":{"line":165,"column":2},"end":{"line":167,"column":null}},"52":{"start":{"line":165,"column":2},"end":{"line":168,"column":null}},"53":{"start":{"line":164,"column":5},"end":{"line":164,"column":null}},"54":{"start":{"line":164,"column":11},"end":{"line":164,"column":null}}},"fnMap":{"0":{"name":"SlideRenderer","decl":{"start":{"line":1,"column":0},"end":{"line":1,"column":null}},"loc":{"start":{"line":1,"column":0},"end":{"line":162,"column":null}},"line":1},"1":{"name":"(anonymous_1)","decl":{"start":{"line":24,"column":18},"end":{"line":24,"column":22}},"loc":{"start":{"line":24,"column":18},"end":{"line":24,"column":23}},"line":24},"2":{"name":"(anonymous_2)","decl":{"start":{"line":37,"column":16},"end":{"line":37,"column":44}},"loc":{"start":{"line":37,"column":16},"end":{"line":37,"column":null}},"line":37},"3":{"name":"(anonymous_3)","decl":{"start":{"line":43,"column":20},"end":{"line":43,"column":50}},"loc":{"start":{"line":43,"column":20},"end":{"line":43,"column":70}},"line":43},"4":{"name":"(anonymous_4)","decl":{"start":{"line":48,"column":17},"end":{"line":48,"column":null}},"loc":{"start":{"line":48,"column":17},"end":{"line":49,"column":null}},"line":48},"5":{"name":"(anonymous_5)","decl":{"start":{"line":55,"column":49},"end":{"line":55,"column":null}},"loc":{"start":{"line":55,"column":49},"end":{"line":61,"column":2}},"line":55},"6":{"name":"(anonymous_6)","decl":{"start":{"line":57,"column":28},"end":{"line":57,"column":30}},"loc":{"start":{"line":57,"column":38},"end":{"line":59,"column":null}},"line":57},"7":{"name":"getBackgroundStyles","decl":{"start":{"line":70,"column":10},"end":{"line":70,"column":29}},"loc":{"start":{"line":70,"column":72},"end":{"line":82,"column":null}},"line":70},"8":{"name":"(anonymous_8)","decl":{"start":{"line":84,"column":21},"end":{"line":84,"column":33}},"loc":{"start":{"line":84,"column":33},"end":{"line":84,"column":null}},"line":84},"9":{"name":"prefersReducedMotion","decl":{"start":{"line":93,"column":10},"end":{"line":93,"column":30}},"loc":{"start":{"line":93,"column":42},"end":{"line":96,"column":null}},"line":93},"10":{"name":"getTransition","decl":{"start":{"line":101,"column":10},"end":{"line":101,"column":23}},"loc":{"start":{"line":101,"column":39},"end":{"line":125,"column":null}},"line":101},"11":{"name":"processHtmlWithFragments","decl":{"start":{"line":135,"column":10},"end":{"line":135,"column":34}},"loc":{"start":{"line":138,"column":11},"end":{"line":151,"column":null}},"line":138},"12":{"name":"(anonymous_12)","decl":{"start":{"line":156,"column":39},"end":{"line":156,"column":null}},"loc":{"start":{"line":156,"column":39},"end":{"line":161,"column":2}},"line":156},"13":{"name":"(anonymous_13)","decl":{"start":{"line":173,"column":10},"end":{"line":173,"column":23}},"loc":{"start":{"line":173,"column":10},"end":{"line":173,"column":null}},"line":173},"14":{"name":"(anonymous_14)","decl":{"start":{"line":165,"column":2},"end":{"line":165,"column":null}},"loc":{"start":{"line":165,"column":2},"end":{"line":165,"column":null}},"line":165}},"branchMap":{"0":{"loc":{"start":{"line":43,"column":20},"end":{"line":43,"column":70}},"type":"binary-expr","locations":[{"start":{"line":43,"column":20},"end":{"line":43,"column":60}},{"start":{"line":43,"column":64},"end":{"line":43,"column":70}}],"line":43},"1":{"loc":{"start":{"line":48,"column":17},"end":{"line":49,"column":null}},"type":"binary-expr","locations":[{"start":{"line":48,"column":17},"end":{"line":49,"column":41}},{"start":{"line":49,"column":31},"end":{"line":49,"column":null}}],"line":48},"2":{"loc":{"start":{"line":56,"column":13},"end":{"line":56,"column":null}},"type":"if","locations":[{"start":{"line":56,"column":13},"end":{"line":56,"column":null}},{"start":{},"end":{}}],"line":56},"3":{"loc":{"start":{"line":71,"column":7},"end":{"line":71,"column":null}},"type":"if","locations":[{"start":{"line":71,"column":7},"end":{"line":71,"column":null}},{"start":{},"end":{}}],"line":71},"4":{"loc":{"start":{"line":73,"column":10},"end":{"line":80,"column":null}},"type":"switch","locations":[{"start":{"line":74,"column":8},"end":{"line":75,"column":null}},{"start":{"line":76,"column":8},"end":{"line":77,"column":null}},{"start":{"line":78,"column":8},"end":{"line":78,"column":null}}],"line":73},"5":{"loc":{"start":{"line":94,"column":13},"end":{"line":94,"column":null}},"type":"if","locations":[{"start":{"line":94,"column":13},"end":{"line":94,"column":null}},{"start":{},"end":{}}],"line":94},"6":{"loc":{"start":{"line":102,"column":6},"end":{"line":104,"column":null}},"type":"if","locations":[{"start":{"line":102,"column":6},"end":{"line":104,"column":null}},{"start":{},"end":{}}],"line":102},"7":{"loc":{"start":{"line":108,"column":10},"end":{"line":123,"column":null}},"type":"switch","locations":[{"start":{"line":109,"column":8},"end":{"line":110,"column":null}},{"start":{"line":111,"column":8},"end":{"line":114,"column":null}},{"start":{"line":115,"column":8},"end":{"line":118,"column":null}},{"start":{"line":119,"column":8},"end":{"line":120,"column":null}},{"start":{"line":121,"column":8},"end":{"line":121,"column":null}}],"line":108},"8":{"loc":{"start":{"line":112,"column":11},"end":{"line":112,"column":50}},"type":"cond-expr","locations":[{"start":{"line":112,"column":40},"end":{"line":112,"column":43}},{"start":{"line":112,"column":43},"end":{"line":112,"column":50}}],"line":112},"9":{"loc":{"start":{"line":116,"column":11},"end":{"line":116,"column":48}},"type":"cond-expr","locations":[{"start":{"line":116,"column":40},"end":{"line":116,"column":42}},{"start":{"line":116,"column":42},"end":{"line":116,"column":48}}],"line":116},"10":{"loc":{"start":{"line":120,"column":30},"end":{"line":120,"column":67}},"type":"cond-expr","locations":[{"start":{"line":120,"column":58},"end":{"line":120,"column":61}},{"start":{"line":120,"column":64},"end":{"line":120,"column":67}}],"line":120},"11":{"loc":{"start":{"line":139,"column":6},"end":{"line":141,"column":null}},"type":"if","locations":[{"start":{"line":139,"column":6},"end":{"line":141,"column":null}},{"start":{},"end":{}}],"line":139},"12":{"loc":{"start":{"line":146,"column":27},"end":{"line":146,"column":84}},"type":"cond-expr","locations":[{"start":{"line":146,"column":46},"end":{"line":146,"column":64}},{"start":{"line":146,"column":67},"end":{"line":146,"column":84}}],"line":146},"13":{"loc":{"start":{"line":157,"column":6},"end":{"line":159,"column":null}},"type":"if","locations":[{"start":{"line":157,"column":6},"end":{"line":159,"column":null}},{"start":{},"end":{}}],"line":157},"14":{"loc":{"start":{"line":165,"column":2},"end":{"line":166,"column":null}},"type":"binary-expr","locations":[{"start":{"line":165,"column":2},"end":{"line":166,"column":null}},{"start":{"line":166,"column":36},"end":{"line":166,"column":null}}],"line":165},"15":{"loc":{"start":{"line":164,"column":5},"end":{"line":164,"column":null}},"type":"if","locations":[{"start":{"line":164,"column":5},"end":{"line":164,"column":null}},{"start":{},"end":{}}],"line":164}},"s":{"0":27,"1":23,"2":27,"3":27,"4":27,"5":26,"6":27,"7":0,"8":26,"9":27,"10":5,"11":0,"12":5,"13":11,"14":26,"15":23,"16":3,"17":1,"18":1,"19":1,"20":27,"21":26,"22":0,"23":0,"24":0,"25":0,"26":0,"27":0,"28":0,"29":0,"30":0,"31":0,"32":0,"33":0,"34":0,"35":0,"36":5,"37":0,"38":5,"39":5,"40":11,"41":11,"42":5,"43":27,"44":26,"45":5,"46":21,"47":26,"48":26,"49":26,"50":26,"51":26,"52":26,"53":27,"54":26},"f":{"0":27,"1":23,"2":26,"3":0,"4":26,"5":5,"6":11,"7":26,"8":26,"9":0,"10":0,"11":5,"12":26,"13":26,"14":0},"b":{"0":[0,0],"1":[26,5],"2":[0,5],"3":[23,3],"4":[3,1,1,null],"5":[0,0],"6":[0,0],"7":[0,0,0,0,0,null],"8":[0,0],"9":[0,0],"10":[0,0],"11":[0,5],"12":[6,5],"13":[5,21],"14":[26,0],"15":[26,1]},"meta":{"lastBranch":0,"lastFunction":0,"lastStatement":0,"seen":{}}}
}
